{"/Users/yanmarkberube/Documents/yberubeCode/express-biztime/app.js": {"path":"/Users/yanmarkberube/Documents/yberubeCode/express-biztime/app.js","statementMap":{"0":{"start":{"line":3,"column":16},"end":{"line":3,"column":34}},"1":{"start":{"line":4,"column":24},"end":{"line":4,"column":53}},"2":{"start":{"line":5,"column":23},"end":{"line":5,"column":51}},"3":{"start":{"line":7,"column":12},"end":{"line":7,"column":21}},"4":{"start":{"line":8,"column":21},"end":{"line":8,"column":46}},"5":{"start":{"line":10,"column":0},"end":{"line":10,"column":24}},"6":{"start":{"line":12,"column":0},"end":{"line":12,"column":39}},"7":{"start":{"line":13,"column":0},"end":{"line":13,"column":37}},"8":{"start":{"line":17,"column":0},"end":{"line":20,"column":3}},"9":{"start":{"line":18,"column":13},"end":{"line":18,"column":47}},"10":{"start":{"line":19,"column":1},"end":{"line":19,"column":18}},"11":{"start":{"line":24,"column":0},"end":{"line":31,"column":3}},"12":{"start":{"line":25,"column":1},"end":{"line":25,"column":31}},"13":{"start":{"line":27,"column":1},"end":{"line":30,"column":4}},"14":{"start":{"line":38,"column":0},"end":{"line":38,"column":21}}},"fnMap":{"0":{"name":"(anonymous_0)","decl":{"start":{"line":17,"column":8},"end":{"line":17,"column":9}},"loc":{"start":{"line":17,"column":34},"end":{"line":20,"column":1}},"line":17},"1":{"name":"(anonymous_1)","decl":{"start":{"line":24,"column":8},"end":{"line":24,"column":9}},"loc":{"start":{"line":24,"column":33},"end":{"line":31,"column":1}},"line":24}},"branchMap":{"0":{"loc":{"start":{"line":25,"column":12},"end":{"line":25,"column":29}},"type":"binary-expr","locations":[{"start":{"line":25,"column":12},"end":{"line":25,"column":22}},{"start":{"line":25,"column":26},"end":{"line":25,"column":29}}],"line":25}},"s":{"0":2,"1":2,"2":2,"3":2,"4":2,"5":2,"6":2,"7":2,"8":2,"9":0,"10":0,"11":2,"12":0,"13":0,"14":2},"f":{"0":0,"1":0},"b":{"0":[0,0]},"_coverageSchema":"1a1c01bbd47fc00a2c39e90264f33305004495a9","hash":"5cb5a3d199a4decac0b6d9c6d4539ddc28d6f7cd"}
,"/Users/yanmarkberube/Documents/yberubeCode/express-biztime/db.js": {"path":"/Users/yanmarkberube/Documents/yberubeCode/express-biztime/db.js","statementMap":{"0":{"start":{"line":1,"column":19},"end":{"line":1,"column":32}},"1":{"start":{"line":3,"column":15},"end":{"line":5,"column":2}},"2":{"start":{"line":7,"column":0},"end":{"line":7,"column":17}},"3":{"start":{"line":9,"column":0},"end":{"line":9,"column":24}}},"fnMap":{},"branchMap":{},"s":{"0":2,"1":2,"2":2,"3":2},"f":{},"b":{},"_coverageSchema":"1a1c01bbd47fc00a2c39e90264f33305004495a9","hash":"5759864fa4197d36fb5eba93fd5102f7ab090c59"}
,"/Users/yanmarkberube/Documents/yberubeCode/express-biztime/expressError.js": {"path":"/Users/yanmarkberube/Documents/yberubeCode/express-biztime/expressError.js","statementMap":{"0":{"start":{"line":9,"column":4},"end":{"line":9,"column":12}},"1":{"start":{"line":10,"column":4},"end":{"line":10,"column":27}},"2":{"start":{"line":11,"column":4},"end":{"line":11,"column":25}},"3":{"start":{"line":12,"column":4},"end":{"line":12,"column":30}},"4":{"start":{"line":17,"column":0},"end":{"line":17,"column":30}}},"fnMap":{"0":{"name":"(anonymous_0)","decl":{"start":{"line":8,"column":2},"end":{"line":8,"column":3}},"loc":{"start":{"line":8,"column":31},"end":{"line":13,"column":3}},"line":8}},"branchMap":{},"s":{"0":0,"1":0,"2":0,"3":0,"4":2},"f":{"0":0},"b":{},"_coverageSchema":"1a1c01bbd47fc00a2c39e90264f33305004495a9","hash":"72b11f85de62c734fd494aa2218fe0ec9090e48f"}
,"/Users/yanmarkberube/Documents/yberubeCode/express-biztime/routes/companies.js": {"path":"/Users/yanmarkberube/Documents/yberubeCode/express-biztime/routes/companies.js","statementMap":{"0":{"start":{"line":1,"column":16},"end":{"line":1,"column":34}},"1":{"start":{"line":2,"column":15},"end":{"line":2,"column":31}},"2":{"start":{"line":3,"column":11},"end":{"line":3,"column":27}},"3":{"start":{"line":6,"column":0},"end":{"line":9,"column":3}},"4":{"start":{"line":7,"column":16},"end":{"line":7,"column":66}},"5":{"start":{"line":8,"column":1},"end":{"line":8,"column":45}},"6":{"start":{"line":12,"column":0},"end":{"line":27,"column":3}},"7":{"start":{"line":13,"column":23},"end":{"line":16,"column":2}},"8":{"start":{"line":17,"column":1},"end":{"line":19,"column":2}},"9":{"start":{"line":18,"column":2},"end":{"line":18,"column":29}},"10":{"start":{"line":20,"column":17},"end":{"line":20,"column":38}},"11":{"start":{"line":21,"column":24},"end":{"line":24,"column":2}},"12":{"start":{"line":25,"column":1},"end":{"line":25,"column":61}},"13":{"start":{"line":25,"column":53},"end":{"line":25,"column":59}},"14":{"start":{"line":26,"column":1},"end":{"line":26,"column":39}},"15":{"start":{"line":30,"column":0},"end":{"line":37,"column":3}},"16":{"start":{"line":31,"column":37},"end":{"line":31,"column":45}},"17":{"start":{"line":32,"column":16},"end":{"line":35,"column":2}},"18":{"start":{"line":36,"column":1},"end":{"line":36,"column":58}},"19":{"start":{"line":40,"column":0},"end":{"line":50,"column":3}},"20":{"start":{"line":41,"column":31},"end":{"line":41,"column":39}},"21":{"start":{"line":42,"column":16},"end":{"line":45,"column":2}},"22":{"start":{"line":46,"column":1},"end":{"line":48,"column":2}},"23":{"start":{"line":47,"column":2},"end":{"line":47,"column":29}},"24":{"start":{"line":49,"column":1},"end":{"line":49,"column":46}},"25":{"start":{"line":53,"column":0},"end":{"line":61,"column":3}},"26":{"start":{"line":54,"column":16},"end":{"line":56,"column":3}},"27":{"start":{"line":57,"column":1},"end":{"line":59,"column":2}},"28":{"start":{"line":58,"column":2},"end":{"line":58,"column":29}},"29":{"start":{"line":60,"column":1},"end":{"line":60,"column":40}},"30":{"start":{"line":63,"column":0},"end":{"line":63,"column":24}}},"fnMap":{"0":{"name":"(anonymous_0)","decl":{"start":{"line":6,"column":16},"end":{"line":6,"column":17}},"loc":{"start":{"line":6,"column":42},"end":{"line":9,"column":1}},"line":6},"1":{"name":"(anonymous_1)","decl":{"start":{"line":12,"column":21},"end":{"line":12,"column":22}},"loc":{"start":{"line":12,"column":47},"end":{"line":27,"column":1}},"line":12},"2":{"name":"(anonymous_2)","decl":{"start":{"line":25,"column":44},"end":{"line":25,"column":45}},"loc":{"start":{"line":25,"column":53},"end":{"line":25,"column":59}},"line":25},"3":{"name":"(anonymous_3)","decl":{"start":{"line":30,"column":17},"end":{"line":30,"column":18}},"loc":{"start":{"line":30,"column":43},"end":{"line":37,"column":1}},"line":30},"4":{"name":"(anonymous_4)","decl":{"start":{"line":40,"column":21},"end":{"line":40,"column":22}},"loc":{"start":{"line":40,"column":47},"end":{"line":50,"column":1}},"line":40},"5":{"name":"(anonymous_5)","decl":{"start":{"line":53,"column":24},"end":{"line":53,"column":25}},"loc":{"start":{"line":53,"column":50},"end":{"line":61,"column":1}},"line":53}},"branchMap":{"0":{"loc":{"start":{"line":17,"column":1},"end":{"line":19,"column":2}},"type":"if","locations":[{"start":{"line":17,"column":1},"end":{"line":19,"column":2}},{"start":{},"end":{}}],"line":17},"1":{"loc":{"start":{"line":46,"column":1},"end":{"line":48,"column":2}},"type":"if","locations":[{"start":{"line":46,"column":1},"end":{"line":48,"column":2}},{"start":{},"end":{}}],"line":46},"2":{"loc":{"start":{"line":57,"column":1},"end":{"line":59,"column":2}},"type":"if","locations":[{"start":{"line":57,"column":1},"end":{"line":59,"column":2}},{"start":{},"end":{}}],"line":57}},"s":{"0":2,"1":2,"2":2,"3":2,"4":1,"5":1,"6":2,"7":1,"8":1,"9":0,"10":1,"11":1,"12":1,"13":0,"14":1,"15":2,"16":1,"17":1,"18":1,"19":2,"20":1,"21":1,"22":1,"23":0,"24":1,"25":2,"26":1,"27":1,"28":0,"29":1,"30":2},"f":{"0":1,"1":1,"2":0,"3":1,"4":1,"5":1},"b":{"0":[0,1],"1":[0,1],"2":[0,1]},"_coverageSchema":"1a1c01bbd47fc00a2c39e90264f33305004495a9","hash":"cd66fa035fbe56d2468631376b7ae50a9f183032"}
,"/Users/yanmarkberube/Documents/yberubeCode/express-biztime/routes/invoices.js": {"path":"/Users/yanmarkberube/Documents/yberubeCode/express-biztime/routes/invoices.js","statementMap":{"0":{"start":{"line":1,"column":16},"end":{"line":1,"column":34}},"1":{"start":{"line":2,"column":15},"end":{"line":2,"column":31}},"2":{"start":{"line":3,"column":11},"end":{"line":3,"column":27}},"3":{"start":{"line":6,"column":0},"end":{"line":9,"column":3}},"4":{"start":{"line":7,"column":16},"end":{"line":7,"column":68}},"5":{"start":{"line":8,"column":1},"end":{"line":8,"column":44}},"6":{"start":{"line":12,"column":0},"end":{"line":27,"column":3}},"7":{"start":{"line":13,"column":16},"end":{"line":16,"column":2}},"8":{"start":{"line":17,"column":1},"end":{"line":19,"column":2}},"9":{"start":{"line":18,"column":2},"end":{"line":18,"column":29}},"10":{"start":{"line":20,"column":17},"end":{"line":20,"column":31}},"11":{"start":{"line":21,"column":23},"end":{"line":24,"column":2}},"12":{"start":{"line":25,"column":1},"end":{"line":25,"column":41}},"13":{"start":{"line":26,"column":1},"end":{"line":26,"column":39}},"14":{"start":{"line":30,"column":0},"end":{"line":37,"column":3}},"15":{"start":{"line":31,"column":28},"end":{"line":31,"column":36}},"16":{"start":{"line":32,"column":16},"end":{"line":35,"column":2}},"17":{"start":{"line":36,"column":1},"end":{"line":36,"column":58}},"18":{"start":{"line":40,"column":0},"end":{"line":50,"column":3}},"19":{"start":{"line":41,"column":17},"end":{"line":41,"column":25}},"20":{"start":{"line":42,"column":16},"end":{"line":45,"column":2}},"21":{"start":{"line":46,"column":1},"end":{"line":48,"column":2}},"22":{"start":{"line":47,"column":2},"end":{"line":47,"column":29}},"23":{"start":{"line":49,"column":1},"end":{"line":49,"column":46}},"24":{"start":{"line":53,"column":0},"end":{"line":61,"column":3}},"25":{"start":{"line":54,"column":16},"end":{"line":56,"column":3}},"26":{"start":{"line":57,"column":1},"end":{"line":59,"column":2}},"27":{"start":{"line":58,"column":2},"end":{"line":58,"column":29}},"28":{"start":{"line":60,"column":1},"end":{"line":60,"column":40}},"29":{"start":{"line":63,"column":0},"end":{"line":63,"column":24}}},"fnMap":{"0":{"name":"(anonymous_0)","decl":{"start":{"line":6,"column":16},"end":{"line":6,"column":17}},"loc":{"start":{"line":6,"column":42},"end":{"line":9,"column":1}},"line":6},"1":{"name":"(anonymous_1)","decl":{"start":{"line":12,"column":19},"end":{"line":12,"column":20}},"loc":{"start":{"line":12,"column":45},"end":{"line":27,"column":1}},"line":12},"2":{"name":"(anonymous_2)","decl":{"start":{"line":30,"column":17},"end":{"line":30,"column":18}},"loc":{"start":{"line":30,"column":43},"end":{"line":37,"column":1}},"line":30},"3":{"name":"(anonymous_3)","decl":{"start":{"line":40,"column":19},"end":{"line":40,"column":20}},"loc":{"start":{"line":40,"column":45},"end":{"line":50,"column":1}},"line":40},"4":{"name":"(anonymous_4)","decl":{"start":{"line":53,"column":22},"end":{"line":53,"column":23}},"loc":{"start":{"line":53,"column":48},"end":{"line":61,"column":1}},"line":53}},"branchMap":{"0":{"loc":{"start":{"line":17,"column":1},"end":{"line":19,"column":2}},"type":"if","locations":[{"start":{"line":17,"column":1},"end":{"line":19,"column":2}},{"start":{},"end":{}}],"line":17},"1":{"loc":{"start":{"line":46,"column":1},"end":{"line":48,"column":2}},"type":"if","locations":[{"start":{"line":46,"column":1},"end":{"line":48,"column":2}},{"start":{},"end":{}}],"line":46},"2":{"loc":{"start":{"line":57,"column":1},"end":{"line":59,"column":2}},"type":"if","locations":[{"start":{"line":57,"column":1},"end":{"line":59,"column":2}},{"start":{},"end":{}}],"line":57}},"s":{"0":2,"1":2,"2":2,"3":2,"4":1,"5":1,"6":2,"7":1,"8":1,"9":0,"10":1,"11":1,"12":1,"13":1,"14":2,"15":1,"16":1,"17":1,"18":2,"19":1,"20":1,"21":1,"22":0,"23":1,"24":2,"25":1,"26":1,"27":0,"28":1,"29":2},"f":{"0":1,"1":1,"2":1,"3":1,"4":1},"b":{"0":[0,1],"1":[0,1],"2":[0,1]},"_coverageSchema":"1a1c01bbd47fc00a2c39e90264f33305004495a9","hash":"364b895da3bd5271c8deb40a8902a94bb1b61692"}
}
