{"/Users/yanmarkberube/Documents/yberubeCode/express-biztime/app.js": {"path":"/Users/yanmarkberube/Documents/yberubeCode/express-biztime/app.js","statementMap":{"0":{"start":{"line":3,"column":16},"end":{"line":3,"column":34}},"1":{"start":{"line":4,"column":24},"end":{"line":4,"column":53}},"2":{"start":{"line":5,"column":23},"end":{"line":5,"column":51}},"3":{"start":{"line":7,"column":12},"end":{"line":7,"column":21}},"4":{"start":{"line":8,"column":21},"end":{"line":8,"column":46}},"5":{"start":{"line":10,"column":0},"end":{"line":10,"column":24}},"6":{"start":{"line":12,"column":0},"end":{"line":12,"column":39}},"7":{"start":{"line":13,"column":0},"end":{"line":13,"column":37}},"8":{"start":{"line":17,"column":0},"end":{"line":20,"column":3}},"9":{"start":{"line":18,"column":13},"end":{"line":18,"column":47}},"10":{"start":{"line":19,"column":1},"end":{"line":19,"column":18}},"11":{"start":{"line":24,"column":0},"end":{"line":31,"column":3}},"12":{"start":{"line":25,"column":1},"end":{"line":25,"column":31}},"13":{"start":{"line":27,"column":1},"end":{"line":30,"column":4}},"14":{"start":{"line":38,"column":0},"end":{"line":38,"column":21}}},"fnMap":{"0":{"name":"(anonymous_0)","decl":{"start":{"line":17,"column":8},"end":{"line":17,"column":9}},"loc":{"start":{"line":17,"column":34},"end":{"line":20,"column":1}},"line":17},"1":{"name":"(anonymous_1)","decl":{"start":{"line":24,"column":8},"end":{"line":24,"column":9}},"loc":{"start":{"line":24,"column":33},"end":{"line":31,"column":1}},"line":24}},"branchMap":{"0":{"loc":{"start":{"line":25,"column":12},"end":{"line":25,"column":29}},"type":"binary-expr","locations":[{"start":{"line":25,"column":12},"end":{"line":25,"column":22}},{"start":{"line":25,"column":26},"end":{"line":25,"column":29}}],"line":25}},"s":{"0":2,"1":2,"2":2,"3":2,"4":2,"5":2,"6":2,"7":2,"8":2,"9":0,"10":0,"11":2,"12":0,"13":0,"14":2},"f":{"0":0,"1":0},"b":{"0":[0,0]},"_coverageSchema":"1a1c01bbd47fc00a2c39e90264f33305004495a9","hash":"5cb5a3d199a4decac0b6d9c6d4539ddc28d6f7cd"}
,"/Users/yanmarkberube/Documents/yberubeCode/express-biztime/db.js": {"path":"/Users/yanmarkberube/Documents/yberubeCode/express-biztime/db.js","statementMap":{"0":{"start":{"line":1,"column":19},"end":{"line":1,"column":32}},"1":{"start":{"line":5,"column":0},"end":{"line":9,"column":1}},"2":{"start":{"line":6,"column":1},"end":{"line":6,"column":53}},"3":{"start":{"line":8,"column":1},"end":{"line":8,"column":48}},"4":{"start":{"line":11,"column":15},"end":{"line":13,"column":2}},"5":{"start":{"line":15,"column":0},"end":{"line":15,"column":17}},"6":{"start":{"line":17,"column":0},"end":{"line":17,"column":24}}},"fnMap":{},"branchMap":{"0":{"loc":{"start":{"line":5,"column":0},"end":{"line":9,"column":1}},"type":"if","locations":[{"start":{"line":5,"column":0},"end":{"line":9,"column":1}},{"start":{"line":7,"column":7},"end":{"line":9,"column":1}}],"line":5}},"s":{"0":2,"1":2,"2":2,"3":0,"4":2,"5":2,"6":2},"f":{},"b":{"0":[2,0]},"_coverageSchema":"1a1c01bbd47fc00a2c39e90264f33305004495a9","hash":"77a2a53b4155edf2c640b121016350cef9570526"}
,"/Users/yanmarkberube/Documents/yberubeCode/express-biztime/expressError.js": {"path":"/Users/yanmarkberube/Documents/yberubeCode/express-biztime/expressError.js","statementMap":{"0":{"start":{"line":9,"column":4},"end":{"line":9,"column":12}},"1":{"start":{"line":10,"column":4},"end":{"line":10,"column":27}},"2":{"start":{"line":11,"column":4},"end":{"line":11,"column":25}},"3":{"start":{"line":12,"column":4},"end":{"line":12,"column":30}},"4":{"start":{"line":17,"column":0},"end":{"line":17,"column":30}}},"fnMap":{"0":{"name":"(anonymous_0)","decl":{"start":{"line":8,"column":2},"end":{"line":8,"column":3}},"loc":{"start":{"line":8,"column":31},"end":{"line":13,"column":3}},"line":8}},"branchMap":{},"s":{"0":0,"1":0,"2":0,"3":0,"4":2},"f":{"0":0},"b":{},"_coverageSchema":"1a1c01bbd47fc00a2c39e90264f33305004495a9","hash":"72b11f85de62c734fd494aa2218fe0ec9090e48f"}
,"/Users/yanmarkberube/Documents/yberubeCode/express-biztime/routes/companies.js": {"path":"/Users/yanmarkberube/Documents/yberubeCode/express-biztime/routes/companies.js","statementMap":{"0":{"start":{"line":1,"column":16},"end":{"line":1,"column":34}},"1":{"start":{"line":2,"column":15},"end":{"line":2,"column":31}},"2":{"start":{"line":3,"column":11},"end":{"line":3,"column":27}},"3":{"start":{"line":4,"column":16},"end":{"line":4,"column":34}},"4":{"start":{"line":7,"column":0},"end":{"line":10,"column":3}},"5":{"start":{"line":8,"column":16},"end":{"line":8,"column":66}},"6":{"start":{"line":9,"column":1},"end":{"line":9,"column":45}},"7":{"start":{"line":13,"column":0},"end":{"line":39,"column":3}},"8":{"start":{"line":14,"column":1},"end":{"line":38,"column":2}},"9":{"start":{"line":15,"column":21},"end":{"line":18,"column":3}},"10":{"start":{"line":20,"column":2},"end":{"line":22,"column":3}},"11":{"start":{"line":21,"column":3},"end":{"line":21,"column":63}},"12":{"start":{"line":24,"column":18},"end":{"line":24,"column":36}},"13":{"start":{"line":26,"column":22},"end":{"line":29,"column":3}},"14":{"start":{"line":31,"column":19},"end":{"line":31,"column":35}},"15":{"start":{"line":33,"column":2},"end":{"line":33,"column":30}},"16":{"start":{"line":35,"column":2},"end":{"line":35,"column":40}},"17":{"start":{"line":37,"column":2},"end":{"line":37,"column":19}},"18":{"start":{"line":42,"column":0},"end":{"line":50,"column":3}},"19":{"start":{"line":43,"column":31},"end":{"line":43,"column":39}},"20":{"start":{"line":44,"column":14},"end":{"line":44,"column":58}},"21":{"start":{"line":45,"column":16},"end":{"line":48,"column":2}},"22":{"start":{"line":49,"column":1},"end":{"line":49,"column":58}},"23":{"start":{"line":53,"column":0},"end":{"line":63,"column":3}},"24":{"start":{"line":54,"column":31},"end":{"line":54,"column":39}},"25":{"start":{"line":55,"column":16},"end":{"line":58,"column":2}},"26":{"start":{"line":59,"column":1},"end":{"line":61,"column":2}},"27":{"start":{"line":60,"column":2},"end":{"line":60,"column":29}},"28":{"start":{"line":62,"column":1},"end":{"line":62,"column":46}},"29":{"start":{"line":66,"column":0},"end":{"line":74,"column":3}},"30":{"start":{"line":67,"column":16},"end":{"line":69,"column":3}},"31":{"start":{"line":70,"column":1},"end":{"line":72,"column":2}},"32":{"start":{"line":71,"column":2},"end":{"line":71,"column":29}},"33":{"start":{"line":73,"column":1},"end":{"line":73,"column":40}},"34":{"start":{"line":76,"column":0},"end":{"line":76,"column":24}}},"fnMap":{"0":{"name":"(anonymous_0)","decl":{"start":{"line":7,"column":16},"end":{"line":7,"column":17}},"loc":{"start":{"line":7,"column":42},"end":{"line":10,"column":1}},"line":7},"1":{"name":"(anonymous_1)","decl":{"start":{"line":13,"column":21},"end":{"line":13,"column":22}},"loc":{"start":{"line":13,"column":47},"end":{"line":39,"column":1}},"line":13},"2":{"name":"(anonymous_2)","decl":{"start":{"line":42,"column":17},"end":{"line":42,"column":18}},"loc":{"start":{"line":42,"column":43},"end":{"line":50,"column":1}},"line":42},"3":{"name":"(anonymous_3)","decl":{"start":{"line":53,"column":21},"end":{"line":53,"column":22}},"loc":{"start":{"line":53,"column":47},"end":{"line":63,"column":1}},"line":53},"4":{"name":"(anonymous_4)","decl":{"start":{"line":66,"column":24},"end":{"line":66,"column":25}},"loc":{"start":{"line":66,"column":50},"end":{"line":74,"column":1}},"line":66}},"branchMap":{"0":{"loc":{"start":{"line":20,"column":2},"end":{"line":22,"column":3}},"type":"if","locations":[{"start":{"line":20,"column":2},"end":{"line":22,"column":3}},{"start":{},"end":{}}],"line":20},"1":{"loc":{"start":{"line":59,"column":1},"end":{"line":61,"column":2}},"type":"if","locations":[{"start":{"line":59,"column":1},"end":{"line":61,"column":2}},{"start":{},"end":{}}],"line":59},"2":{"loc":{"start":{"line":70,"column":1},"end":{"line":72,"column":2}},"type":"if","locations":[{"start":{"line":70,"column":1},"end":{"line":72,"column":2}},{"start":{},"end":{}}],"line":70}},"s":{"0":2,"1":2,"2":2,"3":2,"4":2,"5":1,"6":1,"7":2,"8":1,"9":1,"10":1,"11":0,"12":1,"13":1,"14":1,"15":1,"16":1,"17":0,"18":2,"19":1,"20":1,"21":1,"22":1,"23":2,"24":0,"25":0,"26":0,"27":0,"28":0,"29":2,"30":0,"31":0,"32":0,"33":0,"34":2},"f":{"0":1,"1":1,"2":1,"3":0,"4":0},"b":{"0":[0,1],"1":[0,0],"2":[0,0]},"_coverageSchema":"1a1c01bbd47fc00a2c39e90264f33305004495a9","hash":"253145a9c5bf4407ea33eb14f93cfc3c375e6d65"}
,"/Users/yanmarkberube/Documents/yberubeCode/express-biztime/routes/invoices.js": {"path":"/Users/yanmarkberube/Documents/yberubeCode/express-biztime/routes/invoices.js","statementMap":{"0":{"start":{"line":1,"column":16},"end":{"line":1,"column":34}},"1":{"start":{"line":2,"column":15},"end":{"line":2,"column":31}},"2":{"start":{"line":3,"column":11},"end":{"line":3,"column":27}},"3":{"start":{"line":6,"column":0},"end":{"line":9,"column":3}},"4":{"start":{"line":7,"column":16},"end":{"line":7,"column":73}},"5":{"start":{"line":8,"column":1},"end":{"line":8,"column":44}},"6":{"start":{"line":12,"column":0},"end":{"line":27,"column":3}},"7":{"start":{"line":13,"column":16},"end":{"line":16,"column":2}},"8":{"start":{"line":17,"column":1},"end":{"line":19,"column":2}},"9":{"start":{"line":18,"column":2},"end":{"line":18,"column":29}},"10":{"start":{"line":20,"column":17},"end":{"line":20,"column":31}},"11":{"start":{"line":21,"column":23},"end":{"line":24,"column":2}},"12":{"start":{"line":25,"column":1},"end":{"line":25,"column":41}},"13":{"start":{"line":26,"column":1},"end":{"line":26,"column":39}},"14":{"start":{"line":30,"column":0},"end":{"line":37,"column":3}},"15":{"start":{"line":31,"column":28},"end":{"line":31,"column":36}},"16":{"start":{"line":32,"column":16},"end":{"line":35,"column":2}},"17":{"start":{"line":36,"column":1},"end":{"line":36,"column":58}},"18":{"start":{"line":40,"column":0},"end":{"line":67,"column":3}},"19":{"start":{"line":41,"column":23},"end":{"line":41,"column":31}},"20":{"start":{"line":42,"column":17},"end":{"line":42,"column":21}},"21":{"start":{"line":44,"column":24},"end":{"line":47,"column":2}},"22":{"start":{"line":49,"column":1},"end":{"line":51,"column":2}},"23":{"start":{"line":50,"column":2},"end":{"line":50,"column":29}},"24":{"start":{"line":53,"column":1},"end":{"line":59,"column":2}},"25":{"start":{"line":54,"column":2},"end":{"line":54,"column":25}},"26":{"start":{"line":55,"column":8},"end":{"line":59,"column":2}},"27":{"start":{"line":56,"column":2},"end":{"line":56,"column":19}},"28":{"start":{"line":58,"column":2},"end":{"line":58,"column":47}},"29":{"start":{"line":61,"column":16},"end":{"line":64,"column":2}},"30":{"start":{"line":66,"column":1},"end":{"line":66,"column":46}},"31":{"start":{"line":70,"column":0},"end":{"line":78,"column":3}},"32":{"start":{"line":71,"column":16},"end":{"line":73,"column":3}},"33":{"start":{"line":74,"column":1},"end":{"line":76,"column":2}},"34":{"start":{"line":75,"column":2},"end":{"line":75,"column":29}},"35":{"start":{"line":77,"column":1},"end":{"line":77,"column":40}},"36":{"start":{"line":80,"column":0},"end":{"line":80,"column":24}}},"fnMap":{"0":{"name":"(anonymous_0)","decl":{"start":{"line":6,"column":16},"end":{"line":6,"column":17}},"loc":{"start":{"line":6,"column":42},"end":{"line":9,"column":1}},"line":6},"1":{"name":"(anonymous_1)","decl":{"start":{"line":12,"column":19},"end":{"line":12,"column":20}},"loc":{"start":{"line":12,"column":45},"end":{"line":27,"column":1}},"line":12},"2":{"name":"(anonymous_2)","decl":{"start":{"line":30,"column":17},"end":{"line":30,"column":18}},"loc":{"start":{"line":30,"column":43},"end":{"line":37,"column":1}},"line":30},"3":{"name":"(anonymous_3)","decl":{"start":{"line":40,"column":19},"end":{"line":40,"column":20}},"loc":{"start":{"line":40,"column":45},"end":{"line":67,"column":1}},"line":40},"4":{"name":"(anonymous_4)","decl":{"start":{"line":70,"column":22},"end":{"line":70,"column":23}},"loc":{"start":{"line":70,"column":48},"end":{"line":78,"column":1}},"line":70}},"branchMap":{"0":{"loc":{"start":{"line":17,"column":1},"end":{"line":19,"column":2}},"type":"if","locations":[{"start":{"line":17,"column":1},"end":{"line":19,"column":2}},{"start":{},"end":{}}],"line":17},"1":{"loc":{"start":{"line":49,"column":1},"end":{"line":51,"column":2}},"type":"if","locations":[{"start":{"line":49,"column":1},"end":{"line":51,"column":2}},{"start":{},"end":{}}],"line":49},"2":{"loc":{"start":{"line":53,"column":1},"end":{"line":59,"column":2}},"type":"if","locations":[{"start":{"line":53,"column":1},"end":{"line":59,"column":2}},{"start":{"line":55,"column":8},"end":{"line":59,"column":2}}],"line":53},"3":{"loc":{"start":{"line":53,"column":5},"end":{"line":53,"column":59}},"type":"binary-expr","locations":[{"start":{"line":53,"column":5},"end":{"line":53,"column":18}},{"start":{"line":53,"column":22},"end":{"line":53,"column":59}}],"line":53},"4":{"loc":{"start":{"line":55,"column":8},"end":{"line":59,"column":2}},"type":"if","locations":[{"start":{"line":55,"column":8},"end":{"line":59,"column":2}},{"start":{"line":57,"column":8},"end":{"line":59,"column":2}}],"line":55},"5":{"loc":{"start":{"line":74,"column":1},"end":{"line":76,"column":2}},"type":"if","locations":[{"start":{"line":74,"column":1},"end":{"line":76,"column":2}},{"start":{},"end":{}}],"line":74}},"s":{"0":2,"1":2,"2":2,"3":2,"4":1,"5":1,"6":2,"7":1,"8":1,"9":0,"10":1,"11":1,"12":1,"13":1,"14":2,"15":0,"16":0,"17":0,"18":2,"19":0,"20":0,"21":0,"22":0,"23":0,"24":0,"25":0,"26":0,"27":0,"28":0,"29":0,"30":0,"31":2,"32":1,"33":1,"34":0,"35":1,"36":2},"f":{"0":1,"1":1,"2":0,"3":0,"4":1},"b":{"0":[0,1],"1":[0,0],"2":[0,0],"3":[0,0],"4":[0,0],"5":[0,1]},"_coverageSchema":"1a1c01bbd47fc00a2c39e90264f33305004495a9","hash":"84478fb61a7bc75cc992525ab9200679ba8c6c20"}
}
