TN:
SF:app.js
FN:17,(anonymous_0)
FN:24,(anonymous_1)
FNF:2
FNH:0
FNDA:0,(anonymous_0)
FNDA:0,(anonymous_1)
DA:3,2
DA:4,2
DA:5,2
DA:7,2
DA:8,2
DA:10,2
DA:12,2
DA:13,2
DA:17,2
DA:18,0
DA:19,0
DA:24,2
DA:25,0
DA:27,0
DA:38,2
LF:15
LH:11
BRDA:25,0,0,0
BRDA:25,0,1,0
BRF:2
BRH:0
end_of_record
TN:
SF:db.js
FNF:0
FNH:0
DA:1,2
DA:3,2
DA:7,2
DA:9,2
LF:4
LH:4
BRF:0
BRH:0
end_of_record
TN:
SF:expressError.js
FN:8,(anonymous_0)
FNF:1
FNH:0
FNDA:0,(anonymous_0)
DA:9,0
DA:10,0
DA:11,0
DA:12,0
DA:17,2
LF:5
LH:1
BRF:0
BRH:0
end_of_record
TN:
SF:routes/companies.js
FN:6,(anonymous_0)
FN:12,(anonymous_1)
FN:25,(anonymous_2)
FN:30,(anonymous_3)
FN:40,(anonymous_4)
FN:53,(anonymous_5)
FNF:6
FNH:5
FNDA:1,(anonymous_0)
FNDA:1,(anonymous_1)
FNDA:0,(anonymous_2)
FNDA:1,(anonymous_3)
FNDA:1,(anonymous_4)
FNDA:1,(anonymous_5)
DA:1,2
DA:2,2
DA:3,2
DA:6,2
DA:7,1
DA:8,1
DA:12,2
DA:13,1
DA:17,1
DA:18,0
DA:20,1
DA:21,1
DA:25,1
DA:26,1
DA:30,2
DA:31,1
DA:32,1
DA:36,1
DA:40,2
DA:41,1
DA:42,1
DA:46,1
DA:47,0
DA:49,1
DA:53,2
DA:54,1
DA:57,1
DA:58,0
DA:60,1
DA:63,2
LF:30
LH:27
BRDA:17,0,0,0
BRDA:17,0,1,1
BRDA:46,1,0,0
BRDA:46,1,1,1
BRDA:57,2,0,0
BRDA:57,2,1,1
BRF:6
BRH:3
end_of_record
TN:
SF:routes/invoices.js
FN:6,(anonymous_0)
FN:12,(anonymous_1)
FN:30,(anonymous_2)
FN:40,(anonymous_3)
FN:53,(anonymous_4)
FNF:5
FNH:5
FNDA:1,(anonymous_0)
FNDA:1,(anonymous_1)
FNDA:1,(anonymous_2)
FNDA:1,(anonymous_3)
FNDA:1,(anonymous_4)
DA:1,2
DA:2,2
DA:3,2
DA:6,2
DA:7,1
DA:8,1
DA:12,2
DA:13,1
DA:17,1
DA:18,0
DA:20,1
DA:21,1
DA:25,1
DA:26,1
DA:30,2
DA:31,1
DA:32,1
DA:36,1
DA:40,2
DA:41,1
DA:42,1
DA:46,1
DA:47,0
DA:49,1
DA:53,2
DA:54,1
DA:57,1
DA:58,0
DA:60,1
DA:63,2
LF:30
LH:27
BRDA:17,0,0,0
BRDA:17,0,1,1
BRDA:46,1,0,0
BRDA:46,1,1,1
BRDA:57,2,0,0
BRDA:57,2,1,1
BRF:6
BRH:3
end_of_record
