TN:
SF:app.js
FN:17,(anonymous_0)
FN:24,(anonymous_1)
FNF:2
FNH:0
FNDA:0,(anonymous_0)
FNDA:0,(anonymous_1)
DA:3,2
DA:4,2
DA:5,2
DA:7,2
DA:8,2
DA:10,2
DA:12,2
DA:13,2
DA:17,2
DA:18,0
DA:19,0
DA:24,2
DA:25,0
DA:27,0
DA:38,2
LF:15
LH:11
BRDA:25,0,0,0
BRDA:25,0,1,0
BRF:2
BRH:0
end_of_record
TN:
SF:db.js
FNF:0
FNH:0
DA:1,2
DA:5,2
DA:6,2
DA:8,0
DA:11,2
DA:15,2
DA:17,2
LF:7
LH:6
BRDA:5,0,0,2
BRDA:5,0,1,0
BRF:2
BRH:1
end_of_record
TN:
SF:expressError.js
FN:8,(anonymous_0)
FNF:1
FNH:0
FNDA:0,(anonymous_0)
DA:9,0
DA:10,0
DA:11,0
DA:12,0
DA:17,2
LF:5
LH:1
BRF:0
BRH:0
end_of_record
TN:
SF:routes/companies.js
FN:7,(anonymous_0)
FN:13,(anonymous_1)
FN:42,(anonymous_2)
FN:53,(anonymous_3)
FN:66,(anonymous_4)
FNF:5
FNH:3
FNDA:1,(anonymous_0)
FNDA:1,(anonymous_1)
FNDA:1,(anonymous_2)
FNDA:0,(anonymous_3)
FNDA:0,(anonymous_4)
DA:1,2
DA:2,2
DA:3,2
DA:4,2
DA:7,2
DA:8,1
DA:9,1
DA:13,2
DA:14,1
DA:15,1
DA:20,1
DA:21,0
DA:24,1
DA:26,1
DA:31,1
DA:33,1
DA:35,1
DA:37,0
DA:42,2
DA:43,1
DA:44,1
DA:45,1
DA:49,1
DA:53,2
DA:54,0
DA:55,0
DA:59,0
DA:60,0
DA:62,0
DA:66,2
DA:67,0
DA:70,0
DA:71,0
DA:73,0
DA:76,2
LF:35
LH:24
BRDA:20,0,0,0
BRDA:20,0,1,1
BRDA:59,1,0,0
BRDA:59,1,1,0
BRDA:70,2,0,0
BRDA:70,2,1,0
BRF:6
BRH:1
end_of_record
TN:
SF:routes/invoices.js
FN:6,(anonymous_0)
FN:12,(anonymous_1)
FN:30,(anonymous_2)
FN:40,(anonymous_3)
FN:70,(anonymous_4)
FNF:5
FNH:3
FNDA:1,(anonymous_0)
FNDA:1,(anonymous_1)
FNDA:0,(anonymous_2)
FNDA:0,(anonymous_3)
FNDA:1,(anonymous_4)
DA:1,2
DA:2,2
DA:3,2
DA:6,2
DA:7,1
DA:8,1
DA:12,2
DA:13,1
DA:17,1
DA:18,0
DA:20,1
DA:21,1
DA:25,1
DA:26,1
DA:30,2
DA:31,0
DA:32,0
DA:36,0
DA:40,2
DA:41,0
DA:42,0
DA:44,0
DA:49,0
DA:50,0
DA:53,0
DA:54,0
DA:55,0
DA:56,0
DA:58,0
DA:61,0
DA:66,0
DA:70,2
DA:71,1
DA:74,1
DA:75,0
DA:77,1
DA:80,2
LF:37
LH:20
BRDA:17,0,0,0
BRDA:17,0,1,1
BRDA:49,1,0,0
BRDA:49,1,1,0
BRDA:53,2,0,0
BRDA:53,2,1,0
BRDA:53,3,0,0
BRDA:53,3,1,0
BRDA:55,4,0,0
BRDA:55,4,1,0
BRDA:74,5,0,0
BRDA:74,5,1,1
BRF:12
BRH:2
end_of_record
